<?xml version="1.0" encoding="UTF-8"?>
<coverage generated="1778091523642" clover="3.2.0">
  <project timestamp="1778091523643" name="All files">
    <metrics statements="110" coveredstatements="93" conditionals="46" coveredconditionals="24" methods="23" coveredmethods="19" elements="179" coveredelements="136" complexity="0" loc="110" ncloc="110" packages="1" files="1" classes="1"/>
    <file name="index.js" path="/Users/nisakocagenis/Downloads/uniridee/backend/vehicle-service/index.js">
      <metrics statements="110" coveredstatements="93" conditionals="46" coveredconditionals="24" methods="23" coveredmethods="19"/>
      <line num="1" count="1" type="stmt"/>
      <line num="2" count="1" type="stmt"/>
      <line num="3" count="1" type="stmt"/>
      <line num="4" count="1" type="stmt"/>
      <line num="5" count="1" type="stmt"/>
      <line num="7" count="1" type="stmt"/>
      <line num="8" count="1" type="stmt"/>
      <line num="9" count="1" type="stmt"/>
      <line num="12" count="1" type="stmt"/>
      <line num="13" count="1" type="cond" truecount="1" falsecount="1"/>
      <line num="14" count="1" type="stmt"/>
      <line num="17" count="1" type="stmt"/>
      <line num="18" count="0" type="stmt"/>
      <line num="20" count="0" type="stmt"/>
      <line num="21" count="0" type="stmt"/>
      <line num="24" count="1" type="stmt"/>
      <line num="27" count="1" type="stmt"/>
      <line num="28" count="0" type="cond" truecount="0" falsecount="2"/>
      <line num="29" count="0" type="stmt"/>
      <line num="30" count="0" type="stmt"/>
      <line num="31" count="0" type="stmt"/>
      <line num="35" count="1" type="stmt"/>
      <line num="37" count="1" type="stmt"/>
      <line num="84" count="1" type="stmt"/>
      <line num="85" count="1" type="stmt"/>
      <line num="88" count="69" type="stmt"/>
      <line num="89" count="69" type="stmt"/>
      <line num="90" count="8" type="stmt"/>
      <line num="94" count="1" type="cond" truecount="1" falsecount="1"/>
      <line num="95" count="1" type="stmt"/>
      <line num="96" count="1" type="stmt"/>
      <line num="97" count="1" type="stmt"/>
      <line num="98" count="1" type="stmt"/>
      <line num="99" count="1" type="stmt"/>
      <line num="101" count="0" type="stmt"/>
      <line num="102" count="0" type="stmt"/>
      <line num="103" count="0" type="stmt"/>
      <line num="104" count="0" type="stmt"/>
      <line num="109" count="9" type="stmt"/>
      <line num="112" count="1" type="stmt"/>
      <line num="114" count="1" type="stmt"/>
      <line num="115" count="12" type="stmt"/>
      <line num="116" count="12" type="stmt"/>
      <line num="117" count="2" type="stmt"/>
      <line num="120" count="2" type="stmt"/>
      <line num="123" count="1" type="stmt"/>
      <line num="124" count="7" type="stmt"/>
      <line num="125" count="2" type="cond" truecount="2" falsecount="0"/>
      <line num="126" count="1" type="stmt"/>
      <line num="127" count="1" type="stmt"/>
      <line num="129" count="1" type="stmt"/>
      <line num="132" count="1" type="stmt"/>
      <line num="135" count="1" type="stmt"/>
      <line num="136" count="8" type="stmt"/>
      <line num="137" count="1" type="cond" truecount="1" falsecount="1"/>
      <line num="138" count="1" type="cond" truecount="1" falsecount="1"/>
      <line num="139" count="1" type="stmt"/>
      <line num="140" count="1" type="cond" truecount="1" falsecount="1"/>
      <line num="141" count="1" type="stmt"/>
      <line num="142" count="1" type="stmt"/>
      <line num="145" count="1" type="stmt"/>
      <line num="146" count="1" type="stmt"/>
      <line num="149" count="1" type="stmt"/>
      <line num="151" count="5" type="stmt"/>
      <line num="152" count="5" type="stmt"/>
      <line num="164" count="5" type="stmt"/>
      <line num="165" count="5" type="stmt"/>
      <line num="166" count="5" type="stmt"/>
      <line num="169" count="5" type="stmt"/>
      <line num="170" count="5" type="stmt"/>
      <line num="174" count="1" type="stmt"/>
      <line num="175" count="9" type="stmt"/>
      <line num="176" count="1" type="cond" truecount="1" falsecount="1"/>
      <line num="177" count="1" type="cond" truecount="1" falsecount="1"/>
      <line num="178" count="0" type="stmt"/>
      <line num="180" count="1" type="stmt"/>
      <line num="181" count="1" type="cond" truecount="1" falsecount="1"/>
      <line num="182" count="1" type="cond" truecount="1" falsecount="1"/>
      <line num="183" count="1" type="cond" truecount="1" falsecount="1"/>
      <line num="184" count="1" type="cond" truecount="1" falsecount="1"/>
      <line num="185" count="1" type="cond" truecount="1" falsecount="1"/>
      <line num="186" count="1" type="cond" truecount="1" falsecount="1"/>
      <line num="188" count="1" type="stmt"/>
      <line num="189" count="1" type="stmt"/>
      <line num="192" count="1" type="stmt"/>
      <line num="196" count="1" type="stmt"/>
      <line num="197" count="10" type="stmt"/>
      <line num="198" count="1" type="cond" truecount="1" falsecount="1"/>
      <line num="199" count="1" type="cond" truecount="1" falsecount="1"/>
      <line num="200" count="0" type="stmt"/>
      <line num="202" count="1" type="stmt"/>
      <line num="203" count="1" type="stmt"/>
      <line num="204" count="1" type="stmt"/>
      <line num="207" count="1" type="stmt"/>
      <line num="211" count="1" type="stmt"/>
      <line num="212" count="11" type="stmt"/>
      <line num="213" count="1" type="cond" truecount="1" falsecount="1"/>
      <line num="214" count="1" type="stmt"/>
      <line num="215" count="1" type="cond" truecount="1" falsecount="1"/>
      <line num="216" count="0" type="stmt"/>
      <line num="218" count="1" type="stmt"/>
      <line num="219" count="1" type="stmt"/>
      <line num="220" count="1" type="stmt"/>
      <line num="223" count="1" type="stmt"/>
      <line num="224" count="1" type="stmt"/>
      <line num="227" count="1" type="cond" truecount="1" falsecount="1"/>
      <line num="228" count="0" type="stmt"/>
      <line num="229" count="0" type="stmt"/>
      <line num="230" count="0" type="stmt"/>
      <line num="234" count="1" type="stmt"/>
    </file>
  </project>
</coverage>
