{"/Users/nisakocagenis/Downloads/uniridee/backend/vehicle-service/index.js": {"path":"/Users/nisakocagenis/Downloads/uniridee/backend/vehicle-service/index.js","statementMap":{"0":{"start":{"line":1,"column":16},"end":{"line":1,"column":34}},"1":{"start":{"line":2,"column":13},"end":{"line":2,"column":28}},"2":{"start":{"line":3,"column":11},"end":{"line":3,"column":24}},"3":{"start":{"line":4,"column":13},"end":{"line":4,"column":28}},"4":{"start":{"line":5,"column":15},"end":{"line":5,"column":32}},"5":{"start":{"line":7,"column":12},"end":{"line":7,"column":21}},"6":{"start":{"line":8,"column":0},"end":{"line":8,"column":16}},"7":{"start":{"line":9,"column":0},"end":{"line":9,"column":24}},"8":{"start":{"line":12,"column":20},"end":{"line":12,"column":51}},"9":{"start":{"line":13,"column":0},"end":{"line":13,"column":59}},"10":{"start":{"line":13,"column":33},"end":{"line":13,"column":59}},"11":{"start":{"line":14,"column":0},"end":{"line":14,"column":49}},"12":{"start":{"line":17,"column":16},"end":{"line":23,"column":2}},"13":{"start":{"line":18,"column":34},"end":{"line":18,"column":55}},"14":{"start":{"line":20,"column":16},"end":{"line":20,"column":47}},"15":{"start":{"line":21,"column":4},"end":{"line":21,"column":44}},"16":{"start":{"line":24,"column":15},"end":{"line":24,"column":73}},"17":{"start":{"line":27,"column":0},"end":{"line":32,"column":3}},"18":{"start":{"line":28,"column":2},"end":{"line":28,"column":78}},"19":{"start":{"line":28,"column":17},"end":{"line":28,"column":78}},"20":{"start":{"line":29,"column":14},"end":{"line":29,"column":66}},"21":{"start":{"line":30,"column":2},"end":{"line":30,"column":72}},"22":{"start":{"line":31,"column":2},"end":{"line":31,"column":20}},"23":{"start":{"line":35,"column":18},"end":{"line":35,"column":55}},"24":{"start":{"line":37,"column":24},"end":{"line":82,"column":1}},"25":{"start":{"line":84,"column":15},"end":{"line":84,"column":17}},"26":{"start":{"line":85,"column":13},"end":{"line":85,"column":14}},"27":{"start":{"line":88,"column":17},"end":{"line":88,"column":59}},"28":{"start":{"line":88,"column":40},"end":{"line":88,"column":51}},"29":{"start":{"line":89,"column":17},"end":{"line":89,"column":60}},"30":{"start":{"line":89,"column":40},"end":{"line":89,"column":52}},"31":{"start":{"line":90,"column":2},"end":{"line":90,"column":80}},"32":{"start":{"line":94,"column":2},"end":{"line":105,"column":3}},"33":{"start":{"line":95,"column":17},"end":{"line":95,"column":63}},"34":{"start":{"line":96,"column":4},"end":{"line":96,"column":29}},"35":{"start":{"line":97,"column":4},"end":{"line":97,"column":25}},"36":{"start":{"line":98,"column":4},"end":{"line":98,"column":59}},"37":{"start":{"line":99,"column":4},"end":{"line":99,"column":22}},"38":{"start":{"line":101,"column":4},"end":{"line":101,"column":36}},"39":{"start":{"line":102,"column":4},"end":{"line":102,"column":11}},"40":{"start":{"line":103,"column":4},"end":{"line":103,"column":68}},"41":{"start":{"line":104,"column":4},"end":{"line":104,"column":22}},"42":{"start":{"line":109,"column":2},"end":{"line":109,"column":77}},"43":{"start":{"line":112,"column":0},"end":{"line":112,"column":7}},"44":{"start":{"line":114,"column":0},"end":{"line":121,"column":3}},"45":{"start":{"line":115,"column":17},"end":{"line":115,"column":59}},"46":{"start":{"line":115,"column":40},"end":{"line":115,"column":51}},"47":{"start":{"line":116,"column":17},"end":{"line":116,"column":60}},"48":{"start":{"line":116,"column":40},"end":{"line":116,"column":52}},"49":{"start":{"line":117,"column":2},"end":{"line":119,"column":4}},"50":{"start":{"line":120,"column":2},"end":{"line":120,"column":21}},"51":{"start":{"line":123,"column":0},"end":{"line":133,"column":3}},"52":{"start":{"line":124,"column":18},"end":{"line":124,"column":70}},"53":{"start":{"line":124,"column":39},"end":{"line":124,"column":69}},"54":{"start":{"line":125,"column":2},"end":{"line":128,"column":3}},"55":{"start":{"line":126,"column":4},"end":{"line":126,"column":74}},"56":{"start":{"line":127,"column":4},"end":{"line":127,"column":63}},"57":{"start":{"line":129,"column":2},"end":{"line":131,"column":4}},"58":{"start":{"line":132,"column":2},"end":{"line":132,"column":20}},"59":{"start":{"line":135,"column":0},"end":{"line":147,"column":3}},"60":{"start":{"line":136,"column":18},"end":{"line":136,"column":70}},"61":{"start":{"line":136,"column":39},"end":{"line":136,"column":69}},"62":{"start":{"line":137,"column":2},"end":{"line":137,"column":75}},"63":{"start":{"line":137,"column":16},"end":{"line":137,"column":75}},"64":{"start":{"line":138,"column":17},"end":{"line":138,"column":56}},"65":{"start":{"line":139,"column":2},"end":{"line":139,"column":41}},"66":{"start":{"line":140,"column":18},"end":{"line":140,"column":57}},"67":{"start":{"line":141,"column":2},"end":{"line":141,"column":9}},"68":{"start":{"line":142,"column":2},"end":{"line":144,"column":4}},"69":{"start":{"line":145,"column":2},"end":{"line":145,"column":20}},"70":{"start":{"line":146,"column":2},"end":{"line":146,"column":20}},"71":{"start":{"line":149,"column":0},"end":{"line":171,"column":3}},"72":{"start":{"line":151,"column":4},"end":{"line":151,"column":12}},"73":{"start":{"line":152,"column":18},"end":{"line":163,"column":3}},"74":{"start":{"line":164,"column":2},"end":{"line":164,"column":25}},"75":{"start":{"line":165,"column":2},"end":{"line":165,"column":9}},"76":{"start":{"line":166,"column":2},"end":{"line":168,"column":4}},"77":{"start":{"line":169,"column":2},"end":{"line":169,"column":20}},"78":{"start":{"line":170,"column":2},"end":{"line":170,"column":32}},"79":{"start":{"line":174,"column":0},"end":{"line":193,"column":3}},"80":{"start":{"line":175,"column":18},"end":{"line":175,"column":70}},"81":{"start":{"line":175,"column":39},"end":{"line":175,"column":69}},"82":{"start":{"line":176,"column":2},"end":{"line":176,"column":75}},"83":{"start":{"line":176,"column":16},"end":{"line":176,"column":75}},"84":{"start":{"line":177,"column":2},"end":{"line":178,"column":77}},"85":{"start":{"line":178,"column":4},"end":{"line":178,"column":77}},"86":{"start":{"line":180,"column":64},"end":{"line":180,"column":72}},"87":{"start":{"line":181,"column":2},"end":{"line":181,"column":35}},"88":{"start":{"line":181,"column":13},"end":{"line":181,"column":35}},"89":{"start":{"line":182,"column":2},"end":{"line":182,"column":35}},"90":{"start":{"line":182,"column":13},"end":{"line":182,"column":35}},"91":{"start":{"line":183,"column":2},"end":{"line":183,"column":41}},"92":{"start":{"line":183,"column":15},"end":{"line":183,"column":41}},"93":{"start":{"line":184,"column":2},"end":{"line":184,"column":61}},"94":{"start":{"line":184,"column":19},"end":{"line":184,"column":61}},"95":{"start":{"line":185,"column":2},"end":{"line":185,"column":38}},"96":{"start":{"line":185,"column":14},"end":{"line":185,"column":38}},"97":{"start":{"line":186,"column":2},"end":{"line":186,"column":49}},"98":{"start":{"line":186,"column":27},"end":{"line":186,"column":49}},"99":{"start":{"line":188,"column":2},"end":{"line":188,"column":9}},"100":{"start":{"line":189,"column":2},"end":{"line":191,"column":4}},"101":{"start":{"line":192,"column":2},"end":{"line":192,"column":20}},"102":{"start":{"line":196,"column":0},"end":{"line":208,"column":3}},"103":{"start":{"line":197,"column":18},"end":{"line":197,"column":70}},"104":{"start":{"line":197,"column":39},"end":{"line":197,"column":69}},"105":{"start":{"line":198,"column":2},"end":{"line":198,"column":75}},"106":{"start":{"line":198,"column":16},"end":{"line":198,"column":75}},"107":{"start":{"line":199,"column":2},"end":{"line":200,"column":77}},"108":{"start":{"line":200,"column":4},"end":{"line":200,"column":77}},"109":{"start":{"line":202,"column":2},"end":{"line":202,"column":39}},"110":{"start":{"line":203,"column":2},"end":{"line":203,"column":9}},"111":{"start":{"line":204,"column":2},"end":{"line":206,"column":4}},"112":{"start":{"line":207,"column":2},"end":{"line":207,"column":20}},"113":{"start":{"line":211,"column":0},"end":{"line":225,"column":3}},"114":{"start":{"line":212,"column":14},"end":{"line":212,"column":71}},"115":{"start":{"line":212,"column":40},"end":{"line":212,"column":70}},"116":{"start":{"line":213,"column":2},"end":{"line":213,"column":77}},"117":{"start":{"line":213,"column":18},"end":{"line":213,"column":77}},"118":{"start":{"line":214,"column":18},"end":{"line":214,"column":31}},"119":{"start":{"line":215,"column":2},"end":{"line":216,"column":74}},"120":{"start":{"line":216,"column":4},"end":{"line":216,"column":74}},"121":{"start":{"line":218,"column":2},"end":{"line":218,"column":26}},"122":{"start":{"line":219,"column":2},"end":{"line":219,"column":9}},"123":{"start":{"line":220,"column":2},"end":{"line":222,"column":4}},"124":{"start":{"line":223,"column":2},"end":{"line":223,"column":20}},"125":{"start":{"line":224,"column":2},"end":{"line":224,"column":30}},"126":{"start":{"line":227,"column":0},"end":{"line":232,"column":1}},"127":{"start":{"line":228,"column":2},"end":{"line":231,"column":5}},"128":{"start":{"line":229,"column":4},"end":{"line":229,"column":62}},"129":{"start":{"line":230,"column":4},"end":{"line":230,"column":22}},"130":{"start":{"line":234,"column":0},"end":{"line":234,"column":21}}},"fnMap":{"0":{"name":"(anonymous_0)","decl":{"start":{"line":18,"column":15},"end":{"line":18,"column":16}},"loc":{"start":{"line":18,"column":34},"end":{"line":18,"column":55}},"line":18},"1":{"name":"(anonymous_1)","decl":{"start":{"line":19,"column":12},"end":{"line":19,"column":13}},"loc":{"start":{"line":19,"column":31},"end":{"line":22,"column":3}},"line":19},"2":{"name":"(anonymous_2)","decl":{"start":{"line":27,"column":48},"end":{"line":27,"column":49}},"loc":{"start":{"line":27,"column":62},"end":{"line":32,"column":1}},"line":27},"3":{"name":"logVehicleStats","decl":{"start":{"line":87,"column":9},"end":{"line":87,"column":24}},"loc":{"start":{"line":87,"column":27},"end":{"line":91,"column":1}},"line":87},"4":{"name":"(anonymous_4)","decl":{"start":{"line":88,"column":33},"end":{"line":88,"column":34}},"loc":{"start":{"line":88,"column":40},"end":{"line":88,"column":51}},"line":88},"5":{"name":"(anonymous_5)","decl":{"start":{"line":89,"column":33},"end":{"line":89,"column":34}},"loc":{"start":{"line":89,"column":40},"end":{"line":89,"column":52}},"line":89},"6":{"name":"load","decl":{"start":{"line":93,"column":9},"end":{"line":93,"column":13}},"loc":{"start":{"line":93,"column":16},"end":{"line":106,"column":1}},"line":93},"7":{"name":"save","decl":{"start":{"line":108,"column":9},"end":{"line":108,"column":13}},"loc":{"start":{"line":108,"column":16},"end":{"line":110,"column":1}},"line":108},"8":{"name":"(anonymous_8)","decl":{"start":{"line":114,"column":25},"end":{"line":114,"column":26}},"loc":{"start":{"line":114,"column":39},"end":{"line":121,"column":1}},"line":114},"9":{"name":"(anonymous_9)","decl":{"start":{"line":115,"column":33},"end":{"line":115,"column":34}},"loc":{"start":{"line":115,"column":40},"end":{"line":115,"column":51}},"line":115},"10":{"name":"(anonymous_10)","decl":{"start":{"line":116,"column":33},"end":{"line":116,"column":34}},"loc":{"start":{"line":116,"column":40},"end":{"line":116,"column":52}},"line":116},"11":{"name":"(anonymous_11)","decl":{"start":{"line":123,"column":29},"end":{"line":123,"column":30}},"loc":{"start":{"line":123,"column":43},"end":{"line":133,"column":1}},"line":123},"12":{"name":"(anonymous_12)","decl":{"start":{"line":124,"column":32},"end":{"line":124,"column":33}},"loc":{"start":{"line":124,"column":39},"end":{"line":124,"column":69}},"line":124},"13":{"name":"(anonymous_13)","decl":{"start":{"line":135,"column":44},"end":{"line":135,"column":45}},"loc":{"start":{"line":135,"column":58},"end":{"line":147,"column":1}},"line":135},"14":{"name":"(anonymous_14)","decl":{"start":{"line":136,"column":32},"end":{"line":136,"column":33}},"loc":{"start":{"line":136,"column":39},"end":{"line":136,"column":69}},"line":136},"15":{"name":"(anonymous_15)","decl":{"start":{"line":149,"column":26},"end":{"line":149,"column":27}},"loc":{"start":{"line":149,"column":40},"end":{"line":171,"column":1}},"line":149},"16":{"name":"(anonymous_16)","decl":{"start":{"line":174,"column":29},"end":{"line":174,"column":30}},"loc":{"start":{"line":174,"column":43},"end":{"line":193,"column":1}},"line":174},"17":{"name":"(anonymous_17)","decl":{"start":{"line":175,"column":32},"end":{"line":175,"column":33}},"loc":{"start":{"line":175,"column":39},"end":{"line":175,"column":69}},"line":175},"18":{"name":"(anonymous_18)","decl":{"start":{"line":196,"column":39},"end":{"line":196,"column":40}},"loc":{"start":{"line":196,"column":53},"end":{"line":208,"column":1}},"line":196},"19":{"name":"(anonymous_19)","decl":{"start":{"line":197,"column":32},"end":{"line":197,"column":33}},"loc":{"start":{"line":197,"column":39},"end":{"line":197,"column":69}},"line":197},"20":{"name":"(anonymous_20)","decl":{"start":{"line":211,"column":32},"end":{"line":211,"column":33}},"loc":{"start":{"line":211,"column":46},"end":{"line":225,"column":1}},"line":211},"21":{"name":"(anonymous_21)","decl":{"start":{"line":212,"column":33},"end":{"line":212,"column":34}},"loc":{"start":{"line":212,"column":40},"end":{"line":212,"column":70}},"line":212},"22":{"name":"(anonymous_22)","decl":{"start":{"line":228,"column":19},"end":{"line":228,"column":20}},"loc":{"start":{"line":228,"column":25},"end":{"line":231,"column":3}},"line":228}},"branchMap":{"0":{"loc":{"start":{"line":13,"column":0},"end":{"line":13,"column":59}},"type":"if","locations":[{"start":{"line":13,"column":0},"end":{"line":13,"column":59}},{"start":{},"end":{}}],"line":13},"1":{"loc":{"start":{"line":28,"column":2},"end":{"line":28,"column":78}},"type":"if","locations":[{"start":{"line":28,"column":2},"end":{"line":28,"column":78}},{"start":{},"end":{}}],"line":28},"2":{"loc":{"start":{"line":94,"column":2},"end":{"line":105,"column":3}},"type":"if","locations":[{"start":{"line":94,"column":2},"end":{"line":105,"column":3}},{"start":{"line":100,"column":9},"end":{"line":105,"column":3}}],"line":94},"3":{"loc":{"start":{"line":125,"column":2},"end":{"line":128,"column":3}},"type":"if","locations":[{"start":{"line":125,"column":2},"end":{"line":128,"column":3}},{"start":{},"end":{}}],"line":125},"4":{"loc":{"start":{"line":130,"column":100},"end":{"line":130,"column":139}},"type":"cond-expr","locations":[{"start":{"line":130,"column":120},"end":{"line":130,"column":128}},{"start":{"line":130,"column":131},"end":{"line":130,"column":139}}],"line":130},"5":{"loc":{"start":{"line":137,"column":2},"end":{"line":137,"column":75}},"type":"if","locations":[{"start":{"line":137,"column":2},"end":{"line":137,"column":75}},{"start":{},"end":{}}],"line":137},"6":{"loc":{"start":{"line":138,"column":17},"end":{"line":138,"column":56}},"type":"cond-expr","locations":[{"start":{"line":138,"column":37},"end":{"line":138,"column":45}},{"start":{"line":138,"column":48},"end":{"line":138,"column":56}}],"line":138},"7":{"loc":{"start":{"line":140,"column":18},"end":{"line":140,"column":57}},"type":"cond-expr","locations":[{"start":{"line":140,"column":38},"end":{"line":140,"column":46}},{"start":{"line":140,"column":49},"end":{"line":140,"column":57}}],"line":140},"8":{"loc":{"start":{"line":162,"column":11},"end":{"line":162,"column":22}},"type":"binary-expr","locations":[{"start":{"line":162,"column":11},"end":{"line":162,"column":16}},{"start":{"line":162,"column":20},"end":{"line":162,"column":22}}],"line":162},"9":{"loc":{"start":{"line":176,"column":2},"end":{"line":176,"column":75}},"type":"if","locations":[{"start":{"line":176,"column":2},"end":{"line":176,"column":75}},{"start":{},"end":{}}],"line":176},"10":{"loc":{"start":{"line":177,"column":2},"end":{"line":178,"column":77}},"type":"if","locations":[{"start":{"line":177,"column":2},"end":{"line":178,"column":77}},{"start":{},"end":{}}],"line":177},"11":{"loc":{"start":{"line":181,"column":2},"end":{"line":181,"column":35}},"type":"if","locations":[{"start":{"line":181,"column":2},"end":{"line":181,"column":35}},{"start":{},"end":{}}],"line":181},"12":{"loc":{"start":{"line":182,"column":2},"end":{"line":182,"column":35}},"type":"if","locations":[{"start":{"line":182,"column":2},"end":{"line":182,"column":35}},{"start":{},"end":{}}],"line":182},"13":{"loc":{"start":{"line":183,"column":2},"end":{"line":183,"column":41}},"type":"if","locations":[{"start":{"line":183,"column":2},"end":{"line":183,"column":41}},{"start":{},"end":{}}],"line":183},"14":{"loc":{"start":{"line":184,"column":2},"end":{"line":184,"column":61}},"type":"if","locations":[{"start":{"line":184,"column":2},"end":{"line":184,"column":61}},{"start":{},"end":{}}],"line":184},"15":{"loc":{"start":{"line":185,"column":2},"end":{"line":185,"column":38}},"type":"if","locations":[{"start":{"line":185,"column":2},"end":{"line":185,"column":38}},{"start":{},"end":{}}],"line":185},"16":{"loc":{"start":{"line":186,"column":2},"end":{"line":186,"column":49}},"type":"if","locations":[{"start":{"line":186,"column":2},"end":{"line":186,"column":49}},{"start":{},"end":{}}],"line":186},"17":{"loc":{"start":{"line":198,"column":2},"end":{"line":198,"column":75}},"type":"if","locations":[{"start":{"line":198,"column":2},"end":{"line":198,"column":75}},{"start":{},"end":{}}],"line":198},"18":{"loc":{"start":{"line":199,"column":2},"end":{"line":200,"column":77}},"type":"if","locations":[{"start":{"line":199,"column":2},"end":{"line":200,"column":77}},{"start":{},"end":{}}],"line":199},"19":{"loc":{"start":{"line":205,"column":24},"end":{"line":205,"column":78}},"type":"cond-expr","locations":[{"start":{"line":205,"column":43},"end":{"line":205,"column":58}},{"start":{"line":205,"column":61},"end":{"line":205,"column":78}}],"line":205},"20":{"loc":{"start":{"line":213,"column":2},"end":{"line":213,"column":77}},"type":"if","locations":[{"start":{"line":213,"column":2},"end":{"line":213,"column":77}},{"start":{},"end":{}}],"line":213},"21":{"loc":{"start":{"line":215,"column":2},"end":{"line":216,"column":74}},"type":"if","locations":[{"start":{"line":215,"column":2},"end":{"line":216,"column":74}},{"start":{},"end":{}}],"line":215},"22":{"loc":{"start":{"line":227,"column":0},"end":{"line":232,"column":1}},"type":"if","locations":[{"start":{"line":227,"column":0},"end":{"line":232,"column":1}},{"start":{},"end":{}}],"line":227}},"s":{"0":1,"1":1,"2":1,"3":1,"4":1,"5":1,"6":1,"7":1,"8":1,"9":1,"10":0,"11":1,"12":1,"13":0,"14":0,"15":0,"16":1,"17":1,"18":0,"19":0,"20":0,"21":0,"22":0,"23":1,"24":1,"25":1,"26":1,"27":8,"28":69,"29":8,"30":69,"31":8,"32":1,"33":1,"34":1,"35":1,"36":1,"37":1,"38":0,"39":0,"40":0,"41":0,"42":9,"43":1,"44":1,"45":2,"46":12,"47":2,"48":12,"49":2,"50":2,"51":1,"52":2,"53":7,"54":2,"55":1,"56":1,"57":1,"58":1,"59":1,"60":1,"61":8,"62":1,"63":0,"64":1,"65":1,"66":1,"67":1,"68":1,"69":1,"70":1,"71":1,"72":5,"73":5,"74":5,"75":5,"76":5,"77":5,"78":5,"79":1,"80":1,"81":9,"82":1,"83":0,"84":1,"85":0,"86":1,"87":1,"88":1,"89":1,"90":1,"91":1,"92":0,"93":1,"94":1,"95":1,"96":0,"97":1,"98":0,"99":1,"100":1,"101":1,"102":1,"103":1,"104":10,"105":1,"106":0,"107":1,"108":0,"109":1,"110":1,"111":1,"112":1,"113":1,"114":1,"115":11,"116":1,"117":0,"118":1,"119":1,"120":0,"121":1,"122":1,"123":1,"124":1,"125":1,"126":1,"127":0,"128":0,"129":0,"130":1},"f":{"0":0,"1":0,"2":0,"3":8,"4":69,"5":69,"6":1,"7":9,"8":2,"9":12,"10":12,"11":2,"12":7,"13":1,"14":8,"15":5,"16":1,"17":9,"18":1,"19":10,"20":1,"21":11,"22":0},"b":{"0":[0,1],"1":[0,0],"2":[1,0],"3":[1,1],"4":[1,0],"5":[0,1],"6":[1,0],"7":[0,1],"8":[5,4],"9":[0,1],"10":[0,1],"11":[1,0],"12":[1,0],"13":[0,1],"14":[1,0],"15":[0,1],"16":[0,1],"17":[0,1],"18":[0,1],"19":[1,0],"20":[0,1],"21":[0,1],"22":[0,1]},"_coverageSchema":"1a1c01bbd47fc00a2c39e90264f33305004495a9","hash":"6d5a72716ec23c6e2fe92f1a795da88a0b2e46fc"}
}
