TN:
SF:index.js
FN:18,(anonymous_0)
FN:19,(anonymous_1)
FN:27,(anonymous_2)
FN:87,logVehicleStats
FN:88,(anonymous_4)
FN:89,(anonymous_5)
FN:93,load
FN:108,save
FN:114,(anonymous_8)
FN:115,(anonymous_9)
FN:116,(anonymous_10)
FN:123,(anonymous_11)
FN:124,(anonymous_12)
FN:135,(anonymous_13)
FN:136,(anonymous_14)
FN:149,(anonymous_15)
FN:174,(anonymous_16)
FN:175,(anonymous_17)
FN:196,(anonymous_18)
FN:197,(anonymous_19)
FN:211,(anonymous_20)
FN:212,(anonymous_21)
FN:228,(anonymous_22)
FNF:23
FNH:19
FNDA:0,(anonymous_0)
FNDA:0,(anonymous_1)
FNDA:0,(anonymous_2)
FNDA:8,logVehicleStats
FNDA:69,(anonymous_4)
FNDA:69,(anonymous_5)
FNDA:1,load
FNDA:9,save
FNDA:2,(anonymous_8)
FNDA:12,(anonymous_9)
FNDA:12,(anonymous_10)
FNDA:2,(anonymous_11)
FNDA:7,(anonymous_12)
FNDA:1,(anonymous_13)
FNDA:8,(anonymous_14)
FNDA:5,(anonymous_15)
FNDA:1,(anonymous_16)
FNDA:9,(anonymous_17)
FNDA:1,(anonymous_18)
FNDA:10,(anonymous_19)
FNDA:1,(anonymous_20)
FNDA:11,(anonymous_21)
FNDA:0,(anonymous_22)
DA:1,1
DA:2,1
DA:3,1
DA:4,1
DA:5,1
DA:7,1
DA:8,1
DA:9,1
DA:12,1
DA:13,1
DA:14,1
DA:17,1
DA:18,0
DA:20,0
DA:21,0
DA:24,1
DA:27,1
DA:28,0
DA:29,0
DA:30,0
DA:31,0
DA:35,1
DA:37,1
DA:84,1
DA:85,1
DA:88,69
DA:89,69
DA:90,8
DA:94,1
DA:95,1
DA:96,1
DA:97,1
DA:98,1
DA:99,1
DA:101,0
DA:102,0
DA:103,0
DA:104,0
DA:109,9
DA:112,1
DA:114,1
DA:115,12
DA:116,12
DA:117,2
DA:120,2
DA:123,1
DA:124,7
DA:125,2
DA:126,1
DA:127,1
DA:129,1
DA:132,1
DA:135,1
DA:136,8
DA:137,1
DA:138,1
DA:139,1
DA:140,1
DA:141,1
DA:142,1
DA:145,1
DA:146,1
DA:149,1
DA:151,5
DA:152,5
DA:164,5
DA:165,5
DA:166,5
DA:169,5
DA:170,5
DA:174,1
DA:175,9
DA:176,1
DA:177,1
DA:178,0
DA:180,1
DA:181,1
DA:182,1
DA:183,1
DA:184,1
DA:185,1
DA:186,1
DA:188,1
DA:189,1
DA:192,1
DA:196,1
DA:197,10
DA:198,1
DA:199,1
DA:200,0
DA:202,1
DA:203,1
DA:204,1
DA:207,1
DA:211,1
DA:212,11
DA:213,1
DA:214,1
DA:215,1
DA:216,0
DA:218,1
DA:219,1
DA:220,1
DA:223,1
DA:224,1
DA:227,1
DA:228,0
DA:229,0
DA:230,0
DA:234,1
LF:110
LH:93
BRDA:13,0,0,0
BRDA:13,0,1,1
BRDA:28,1,0,0
BRDA:28,1,1,0
BRDA:94,2,0,1
BRDA:94,2,1,0
BRDA:125,3,0,1
BRDA:125,3,1,1
BRDA:130,4,0,1
BRDA:130,4,1,0
BRDA:137,5,0,0
BRDA:137,5,1,1
BRDA:138,6,0,1
BRDA:138,6,1,0
BRDA:140,7,0,0
BRDA:140,7,1,1
BRDA:162,8,0,5
BRDA:162,8,1,4
BRDA:176,9,0,0
BRDA:176,9,1,1
BRDA:177,10,0,0
BRDA:177,10,1,1
BRDA:181,11,0,1
BRDA:181,11,1,0
BRDA:182,12,0,1
BRDA:182,12,1,0
BRDA:183,13,0,0
BRDA:183,13,1,1
BRDA:184,14,0,1
BRDA:184,14,1,0
BRDA:185,15,0,0
BRDA:185,15,1,1
BRDA:186,16,0,0
BRDA:186,16,1,1
BRDA:198,17,0,0
BRDA:198,17,1,1
BRDA:199,18,0,0
BRDA:199,18,1,1
BRDA:205,19,0,1
BRDA:205,19,1,0
BRDA:213,20,0,0
BRDA:213,20,1,1
BRDA:215,21,0,0
BRDA:215,21,1,1
BRDA:227,22,0,0
BRDA:227,22,1,1
BRF:46
BRH:24
end_of_record
