{"/Users/nisakocagenis/Downloads/uniridee/backend/payment-service/index.js": {"path":"/Users/nisakocagenis/Downloads/uniridee/backend/payment-service/index.js","statementMap":{"0":{"start":{"line":1,"column":16},"end":{"line":1,"column":34}},"1":{"start":{"line":2,"column":13},"end":{"line":2,"column":28}},"2":{"start":{"line":4,"column":12},"end":{"line":4,"column":21}},"3":{"start":{"line":5,"column":0},"end":{"line":5,"column":16}},"4":{"start":{"line":6,"column":0},"end":{"line":6,"column":24}},"5":{"start":{"line":8,"column":21},"end":{"line":8,"column":22}},"6":{"start":{"line":9,"column":18},"end":{"line":9,"column":19}},"7":{"start":{"line":12,"column":0},"end":{"line":34,"column":3}},"8":{"start":{"line":13,"column":29},"end":{"line":13,"column":37}},"9":{"start":{"line":14,"column":24},"end":{"line":14,"column":86}},"10":{"start":{"line":16,"column":2},"end":{"line":16,"column":19}},"11":{"start":{"line":17,"column":2},"end":{"line":17,"column":32}},"12":{"start":{"line":19,"column":2},"end":{"line":19,"column":54}},"13":{"start":{"line":20,"column":2},"end":{"line":22,"column":4}},"14":{"start":{"line":23,"column":2},"end":{"line":23,"column":64}},"15":{"start":{"line":24,"column":2},"end":{"line":26,"column":4}},"16":{"start":{"line":28,"column":2},"end":{"line":33,"column":5}},"17":{"start":{"line":36,"column":0},"end":{"line":43,"column":1}},"18":{"start":{"line":37,"column":2},"end":{"line":42,"column":5}},"19":{"start":{"line":38,"column":4},"end":{"line":38,"column":62}},"20":{"start":{"line":39,"column":4},"end":{"line":41,"column":6}},"21":{"start":{"line":45,"column":0},"end":{"line":45,"column":21}}},"fnMap":{"0":{"name":"(anonymous_0)","decl":{"start":{"line":12,"column":21},"end":{"line":12,"column":22}},"loc":{"start":{"line":12,"column":35},"end":{"line":34,"column":1}},"line":12},"1":{"name":"(anonymous_1)","decl":{"start":{"line":37,"column":19},"end":{"line":37,"column":20}},"loc":{"start":{"line":37,"column":25},"end":{"line":42,"column":3}},"line":37}},"branchMap":{"0":{"loc":{"start":{"line":36,"column":0},"end":{"line":43,"column":1}},"type":"if","locations":[{"start":{"line":36,"column":0},"end":{"line":43,"column":1}},{"start":{},"end":{}}],"line":36}},"s":{"0":1,"1":1,"2":1,"3":1,"4":1,"5":1,"6":1,"7":1,"8":2,"9":2,"10":2,"11":2,"12":2,"13":2,"14":2,"15":2,"16":2,"17":1,"18":0,"19":0,"20":0,"21":1},"f":{"0":2,"1":0},"b":{"0":[0,1]},"_coverageSchema":"1a1c01bbd47fc00a2c39e90264f33305004495a9","hash":"c2a64bcc8bb47177ac9280bee72b2d0adabcd03f"}
}
