{"/Users/nisakocagenis/Downloads/uniridee/backend/user-service/index.js": {"path":"/Users/nisakocagenis/Downloads/uniridee/backend/user-service/index.js","statementMap":{"0":{"start":{"line":1,"column":16},"end":{"line":1,"column":34}},"1":{"start":{"line":2,"column":13},"end":{"line":2,"column":28}},"2":{"start":{"line":3,"column":11},"end":{"line":3,"column":24}},"3":{"start":{"line":4,"column":13},"end":{"line":4,"column":28}},"4":{"start":{"line":5,"column":15},"end":{"line":5,"column":32}},"5":{"start":{"line":7,"column":12},"end":{"line":7,"column":21}},"6":{"start":{"line":8,"column":0},"end":{"line":8,"column":16}},"7":{"start":{"line":9,"column":0},"end":{"line":9,"column":24}},"8":{"start":{"line":11,"column":17},"end":{"line":11,"column":48}},"9":{"start":{"line":12,"column":0},"end":{"line":12,"column":53}},"10":{"start":{"line":12,"column":30},"end":{"line":12,"column":53}},"11":{"start":{"line":13,"column":0},"end":{"line":13,"column":46}},"12":{"start":{"line":15,"column":16},"end":{"line":22,"column":2}},"13":{"start":{"line":16,"column":36},"end":{"line":16,"column":54}},"14":{"start":{"line":18,"column":16},"end":{"line":18,"column":47}},"15":{"start":{"line":19,"column":19},"end":{"line":19,"column":72}},"16":{"start":{"line":20,"column":4},"end":{"line":20,"column":46}},"17":{"start":{"line":23,"column":15},"end":{"line":32,"column":2}},"18":{"start":{"line":27,"column":20},"end":{"line":27,"column":53}},"19":{"start":{"line":28,"column":16},"end":{"line":28,"column":61}},"20":{"start":{"line":29,"column":4},"end":{"line":30,"column":67}},"21":{"start":{"line":29,"column":31},"end":{"line":29,"column":46}},"22":{"start":{"line":30,"column":9},"end":{"line":30,"column":67}},"23":{"start":{"line":34,"column":14},"end":{"line":62,"column":1}},"24":{"start":{"line":64,"column":15},"end":{"line":64,"column":17}},"25":{"start":{"line":66,"column":18},"end":{"line":67,"column":75}},"26":{"start":{"line":67,"column":2},"end":{"line":67,"column":75}},"27":{"start":{"line":69,"column":0},"end":{"line":132,"column":2}},"28":{"start":{"line":76,"column":59},"end":{"line":76,"column":67}},"29":{"start":{"line":78,"column":4},"end":{"line":80,"column":5}},"30":{"start":{"line":79,"column":6},"end":{"line":79,"column":73}},"31":{"start":{"line":81,"column":4},"end":{"line":83,"column":5}},"32":{"start":{"line":82,"column":6},"end":{"line":82,"column":62}},"33":{"start":{"line":84,"column":4},"end":{"line":88,"column":5}},"34":{"start":{"line":85,"column":6},"end":{"line":87,"column":64}},"35":{"start":{"line":89,"column":4},"end":{"line":93,"column":5}},"36":{"start":{"line":90,"column":6},"end":{"line":92,"column":68}},"37":{"start":{"line":94,"column":4},"end":{"line":98,"column":5}},"38":{"start":{"line":94,"column":26},"end":{"line":94,"column":49}},"39":{"start":{"line":95,"column":6},"end":{"line":97,"column":70}},"40":{"start":{"line":99,"column":4},"end":{"line":103,"column":5}},"41":{"start":{"line":100,"column":6},"end":{"line":102,"column":67}},"42":{"start":{"line":104,"column":4},"end":{"line":108,"column":5}},"43":{"start":{"line":105,"column":6},"end":{"line":107,"column":66}},"44":{"start":{"line":110,"column":23},"end":{"line":110,"column":87}},"45":{"start":{"line":111,"column":24},"end":{"line":111,"column":95}},"46":{"start":{"line":113,"column":20},"end":{"line":121,"column":5}},"47":{"start":{"line":122,"column":4},"end":{"line":122,"column":24}},"48":{"start":{"line":124,"column":18},"end":{"line":124,"column":53}},"49":{"start":{"line":125,"column":4},"end":{"line":125,"column":28}},"50":{"start":{"line":126,"column":41},"end":{"line":126,"column":48}},"51":{"start":{"line":127,"column":4},"end":{"line":129,"column":6}},"52":{"start":{"line":130,"column":4},"end":{"line":130,"column":52}},"53":{"start":{"line":134,"column":0},"end":{"line":150,"column":3}},"54":{"start":{"line":135,"column":33},"end":{"line":135,"column":41}},"55":{"start":{"line":136,"column":15},"end":{"line":138,"column":3}},"56":{"start":{"line":137,"column":11},"end":{"line":137,"column":61}},"57":{"start":{"line":139,"column":2},"end":{"line":142,"column":3}},"58":{"start":{"line":140,"column":4},"end":{"line":140,"column":72}},"59":{"start":{"line":141,"column":4},"end":{"line":141,"column":75}},"60":{"start":{"line":143,"column":16},"end":{"line":143,"column":48}},"61":{"start":{"line":144,"column":2},"end":{"line":144,"column":23}},"62":{"start":{"line":145,"column":39},"end":{"line":145,"column":43}},"63":{"start":{"line":146,"column":2},"end":{"line":148,"column":4}},"64":{"start":{"line":149,"column":2},"end":{"line":149,"column":38}},"65":{"start":{"line":152,"column":0},"end":{"line":160,"column":3}},"66":{"start":{"line":153,"column":15},"end":{"line":153,"column":40}},"67":{"start":{"line":154,"column":2},"end":{"line":154,"column":59}},"68":{"start":{"line":154,"column":13},"end":{"line":154,"column":59}},"69":{"start":{"line":155,"column":16},"end":{"line":155,"column":43}},"70":{"start":{"line":156,"column":15},"end":{"line":156,"column":28}},"71":{"start":{"line":157,"column":2},"end":{"line":157,"column":59}},"72":{"start":{"line":157,"column":13},"end":{"line":157,"column":59}},"73":{"start":{"line":158,"column":39},"end":{"line":158,"column":43}},"74":{"start":{"line":159,"column":2},"end":{"line":159,"column":44}},"75":{"start":{"line":162,"column":0},"end":{"line":167,"column":3}},"76":{"start":{"line":163,"column":15},"end":{"line":163,"column":64}},"77":{"start":{"line":163,"column":33},"end":{"line":163,"column":63}},"78":{"start":{"line":164,"column":2},"end":{"line":164,"column":71}},"79":{"start":{"line":164,"column":13},"end":{"line":164,"column":71}},"80":{"start":{"line":165,"column":39},"end":{"line":165,"column":43}},"81":{"start":{"line":166,"column":2},"end":{"line":166,"column":21}},"82":{"start":{"line":169,"column":0},"end":{"line":182,"column":3}},"83":{"start":{"line":170,"column":15},"end":{"line":170,"column":40}},"84":{"start":{"line":171,"column":2},"end":{"line":180,"column":3}},"85":{"start":{"line":172,"column":18},"end":{"line":172,"column":45}},"86":{"start":{"line":173,"column":17},"end":{"line":173,"column":30}},"87":{"start":{"line":174,"column":4},"end":{"line":179,"column":5}},"88":{"start":{"line":175,"column":6},"end":{"line":175,"column":27}},"89":{"start":{"line":176,"column":6},"end":{"line":178,"column":8}},"90":{"start":{"line":181,"column":2},"end":{"line":181,"column":30}},"91":{"start":{"line":184,"column":0},"end":{"line":193,"column":1}},"92":{"start":{"line":185,"column":2},"end":{"line":192,"column":5}},"93":{"start":{"line":186,"column":19},"end":{"line":186,"column":65}},"94":{"start":{"line":186,"column":39},"end":{"line":186,"column":57}},"95":{"start":{"line":187,"column":20},"end":{"line":187,"column":67}},"96":{"start":{"line":187,"column":40},"end":{"line":187,"column":59}},"97":{"start":{"line":188,"column":4},"end":{"line":188,"column":62}},"98":{"start":{"line":189,"column":4},"end":{"line":191,"column":6}},"99":{"start":{"line":195,"column":0},"end":{"line":195,"column":21}}},"fnMap":{"0":{"name":"(anonymous_0)","decl":{"start":{"line":16,"column":15},"end":{"line":16,"column":16}},"loc":{"start":{"line":16,"column":36},"end":{"line":16,"column":54}},"line":16},"1":{"name":"(anonymous_1)","decl":{"start":{"line":17,"column":12},"end":{"line":17,"column":13}},"loc":{"start":{"line":17,"column":32},"end":{"line":21,"column":3}},"line":17},"2":{"name":"(anonymous_2)","decl":{"start":{"line":26,"column":14},"end":{"line":26,"column":15}},"loc":{"start":{"line":26,"column":34},"end":{"line":31,"column":3}},"line":26},"3":{"name":"(anonymous_3)","decl":{"start":{"line":66,"column":18},"end":{"line":66,"column":19}},"loc":{"start":{"line":67,"column":2},"end":{"line":67,"column":75}},"line":67},"4":{"name":"(anonymous_4)","decl":{"start":{"line":75,"column":2},"end":{"line":75,"column":3}},"loc":{"start":{"line":75,"column":16},"end":{"line":131,"column":3}},"line":75},"5":{"name":"(anonymous_5)","decl":{"start":{"line":94,"column":19},"end":{"line":94,"column":20}},"loc":{"start":{"line":94,"column":26},"end":{"line":94,"column":49}},"line":94},"6":{"name":"(anonymous_6)","decl":{"start":{"line":134,"column":23},"end":{"line":134,"column":24}},"loc":{"start":{"line":134,"column":37},"end":{"line":150,"column":1}},"line":134},"7":{"name":"(anonymous_7)","decl":{"start":{"line":137,"column":4},"end":{"line":137,"column":5}},"loc":{"start":{"line":137,"column":11},"end":{"line":137,"column":61}},"line":137},"8":{"name":"(anonymous_8)","decl":{"start":{"line":152,"column":23},"end":{"line":152,"column":24}},"loc":{"start":{"line":152,"column":37},"end":{"line":160,"column":1}},"line":152},"9":{"name":"(anonymous_9)","decl":{"start":{"line":162,"column":26},"end":{"line":162,"column":27}},"loc":{"start":{"line":162,"column":40},"end":{"line":167,"column":1}},"line":162},"10":{"name":"(anonymous_10)","decl":{"start":{"line":163,"column":26},"end":{"line":163,"column":27}},"loc":{"start":{"line":163,"column":33},"end":{"line":163,"column":63}},"line":163},"11":{"name":"(anonymous_11)","decl":{"start":{"line":169,"column":24},"end":{"line":169,"column":25}},"loc":{"start":{"line":169,"column":38},"end":{"line":182,"column":1}},"line":169},"12":{"name":"(anonymous_12)","decl":{"start":{"line":185,"column":19},"end":{"line":185,"column":20}},"loc":{"start":{"line":185,"column":25},"end":{"line":192,"column":3}},"line":185},"13":{"name":"(anonymous_13)","decl":{"start":{"line":186,"column":32},"end":{"line":186,"column":33}},"loc":{"start":{"line":186,"column":39},"end":{"line":186,"column":57}},"line":186},"14":{"name":"(anonymous_14)","decl":{"start":{"line":187,"column":33},"end":{"line":187,"column":34}},"loc":{"start":{"line":187,"column":40},"end":{"line":187,"column":59}},"line":187}},"branchMap":{"0":{"loc":{"start":{"line":12,"column":0},"end":{"line":12,"column":53}},"type":"if","locations":[{"start":{"line":12,"column":0},"end":{"line":12,"column":53}},{"start":{},"end":{}}],"line":12},"1":{"loc":{"start":{"line":19,"column":19},"end":{"line":19,"column":72}},"type":"cond-expr","locations":[{"start":{"line":19,"column":50},"end":{"line":19,"column":59}},{"start":{"line":19,"column":62},"end":{"line":19,"column":72}}],"line":19},"2":{"loc":{"start":{"line":29,"column":4},"end":{"line":30,"column":67}},"type":"if","locations":[{"start":{"line":29,"column":4},"end":{"line":30,"column":67}},{"start":{"line":30,"column":9},"end":{"line":30,"column":67}}],"line":29},"3":{"loc":{"start":{"line":67,"column":2},"end":{"line":67,"column":75}},"type":"cond-expr","locations":[{"start":{"line":67,"column":21},"end":{"line":67,"column":34}},{"start":{"line":67,"column":37},"end":{"line":67,"column":75}}],"line":67},"4":{"loc":{"start":{"line":67,"column":37},"end":{"line":67,"column":75}},"type":"cond-expr","locations":[{"start":{"line":67,"column":57},"end":{"line":67,"column":65}},{"start":{"line":67,"column":68},"end":{"line":67,"column":75}}],"line":67},"5":{"loc":{"start":{"line":78,"column":4},"end":{"line":80,"column":5}},"type":"if","locations":[{"start":{"line":78,"column":4},"end":{"line":80,"column":5}},{"start":{},"end":{}}],"line":78},"6":{"loc":{"start":{"line":78,"column":8},"end":{"line":78,"column":63}},"type":"binary-expr","locations":[{"start":{"line":78,"column":8},"end":{"line":78,"column":17}},{"start":{"line":78,"column":21},"end":{"line":78,"column":30}},{"start":{"line":78,"column":34},"end":{"line":78,"column":39}},{"start":{"line":78,"column":43},"end":{"line":78,"column":48}},{"start":{"line":78,"column":52},"end":{"line":78,"column":63}}],"line":78},"7":{"loc":{"start":{"line":81,"column":4},"end":{"line":83,"column":5}},"type":"if","locations":[{"start":{"line":81,"column":4},"end":{"line":83,"column":5}},{"start":{},"end":{}}],"line":81},"8":{"loc":{"start":{"line":84,"column":4},"end":{"line":88,"column":5}},"type":"if","locations":[{"start":{"line":84,"column":4},"end":{"line":88,"column":5}},{"start":{},"end":{}}],"line":84},"9":{"loc":{"start":{"line":89,"column":4},"end":{"line":93,"column":5}},"type":"if","locations":[{"start":{"line":89,"column":4},"end":{"line":93,"column":5}},{"start":{},"end":{}}],"line":89},"10":{"loc":{"start":{"line":94,"column":4},"end":{"line":98,"column":5}},"type":"if","locations":[{"start":{"line":94,"column":4},"end":{"line":98,"column":5}},{"start":{},"end":{}}],"line":94},"11":{"loc":{"start":{"line":99,"column":4},"end":{"line":103,"column":5}},"type":"if","locations":[{"start":{"line":99,"column":4},"end":{"line":103,"column":5}},{"start":{},"end":{}}],"line":99},"12":{"loc":{"start":{"line":104,"column":4},"end":{"line":108,"column":5}},"type":"if","locations":[{"start":{"line":104,"column":4},"end":{"line":108,"column":5}},{"start":{},"end":{}}],"line":104},"13":{"loc":{"start":{"line":137,"column":11},"end":{"line":137,"column":61}},"type":"binary-expr","locations":[{"start":{"line":137,"column":11},"end":{"line":137,"column":34}},{"start":{"line":137,"column":38},"end":{"line":137,"column":61}}],"line":137},"14":{"loc":{"start":{"line":139,"column":2},"end":{"line":142,"column":3}},"type":"if","locations":[{"start":{"line":139,"column":2},"end":{"line":142,"column":3}},{"start":{},"end":{}}],"line":139},"15":{"loc":{"start":{"line":154,"column":2},"end":{"line":154,"column":59}},"type":"if","locations":[{"start":{"line":154,"column":2},"end":{"line":154,"column":59}},{"start":{},"end":{}}],"line":154},"16":{"loc":{"start":{"line":157,"column":2},"end":{"line":157,"column":59}},"type":"if","locations":[{"start":{"line":157,"column":2},"end":{"line":157,"column":59}},{"start":{},"end":{}}],"line":157},"17":{"loc":{"start":{"line":164,"column":2},"end":{"line":164,"column":71}},"type":"if","locations":[{"start":{"line":164,"column":2},"end":{"line":164,"column":71}},{"start":{},"end":{}}],"line":164},"18":{"loc":{"start":{"line":171,"column":2},"end":{"line":180,"column":3}},"type":"if","locations":[{"start":{"line":171,"column":2},"end":{"line":180,"column":3}},{"start":{},"end":{}}],"line":171},"19":{"loc":{"start":{"line":174,"column":4},"end":{"line":179,"column":5}},"type":"if","locations":[{"start":{"line":174,"column":4},"end":{"line":179,"column":5}},{"start":{},"end":{}}],"line":174},"20":{"loc":{"start":{"line":184,"column":0},"end":{"line":193,"column":1}},"type":"if","locations":[{"start":{"line":184,"column":0},"end":{"line":193,"column":1}},{"start":{},"end":{}}],"line":184}},"s":{"0":1,"1":1,"2":1,"3":1,"4":1,"5":1,"6":1,"7":1,"8":1,"9":1,"10":0,"11":1,"12":1,"13":0,"14":0,"15":0,"16":0,"17":1,"18":0,"19":0,"20":0,"21":0,"22":0,"23":1,"24":1,"25":1,"26":3,"27":1,"28":5,"29":5,"30":1,"31":4,"32":1,"33":3,"34":1,"35":2,"36":1,"37":1,"38":1,"39":1,"40":0,"41":0,"42":0,"43":0,"44":0,"45":0,"46":0,"47":0,"48":0,"49":0,"50":0,"51":0,"52":0,"53":1,"54":4,"55":4,"56":7,"57":4,"58":1,"59":1,"60":3,"61":3,"62":3,"63":3,"64":3,"65":1,"66":4,"67":4,"68":1,"69":3,"70":3,"71":3,"72":2,"73":1,"74":1,"75":1,"76":2,"77":4,"78":2,"79":1,"80":1,"81":1,"82":1,"83":2,"84":2,"85":1,"86":1,"87":1,"88":1,"89":1,"90":2,"91":1,"92":0,"93":0,"94":0,"95":0,"96":0,"97":0,"98":0,"99":1},"f":{"0":0,"1":0,"2":0,"3":3,"4":5,"5":1,"6":4,"7":7,"8":4,"9":2,"10":4,"11":2,"12":0,"13":0,"14":0},"b":{"0":[0,1],"1":[0,0],"2":[0,0],"3":[1,2],"4":[2,0],"5":[1,4],"6":[5,5,4,4,4],"7":[1,3],"8":[1,2],"9":[1,1],"10":[1,0],"11":[0,0],"12":[0,0],"13":[7,3],"14":[1,3],"15":[1,3],"16":[2,1],"17":[1,1],"18":[1,1],"19":[1,0],"20":[0,1]},"_coverageSchema":"1a1c01bbd47fc00a2c39e90264f33305004495a9","hash":"312a2ffaf56b31d525b5bffd6a70fcad678a755d"}
}
