TN:
SF:index.js
FN:16,(anonymous_0)
FN:17,(anonymous_1)
FN:26,(anonymous_2)
FN:66,(anonymous_3)
FN:75,(anonymous_4)
FN:94,(anonymous_5)
FN:134,(anonymous_6)
FN:137,(anonymous_7)
FN:152,(anonymous_8)
FN:162,(anonymous_9)
FN:163,(anonymous_10)
FN:169,(anonymous_11)
FN:185,(anonymous_12)
FN:186,(anonymous_13)
FN:187,(anonymous_14)
FNF:15
FNH:9
FNDA:0,(anonymous_0)
FNDA:0,(anonymous_1)
FNDA:0,(anonymous_2)
FNDA:3,(anonymous_3)
FNDA:5,(anonymous_4)
FNDA:1,(anonymous_5)
FNDA:4,(anonymous_6)
FNDA:7,(anonymous_7)
FNDA:4,(anonymous_8)
FNDA:2,(anonymous_9)
FNDA:4,(anonymous_10)
FNDA:2,(anonymous_11)
FNDA:0,(anonymous_12)
FNDA:0,(anonymous_13)
FNDA:0,(anonymous_14)
DA:1,1
DA:2,1
DA:3,1
DA:4,1
DA:5,1
DA:7,1
DA:8,1
DA:9,1
DA:11,1
DA:12,1
DA:13,1
DA:15,1
DA:16,0
DA:18,0
DA:19,0
DA:20,0
DA:23,1
DA:27,0
DA:28,0
DA:29,0
DA:30,0
DA:34,1
DA:64,1
DA:66,1
DA:67,3
DA:69,1
DA:76,5
DA:78,5
DA:79,1
DA:81,4
DA:82,1
DA:84,3
DA:85,1
DA:89,2
DA:90,1
DA:94,1
DA:95,1
DA:99,0
DA:100,0
DA:104,0
DA:105,0
DA:110,0
DA:111,0
DA:113,0
DA:122,0
DA:124,0
DA:125,0
DA:126,0
DA:127,0
DA:130,0
DA:134,1
DA:135,4
DA:136,4
DA:137,7
DA:139,4
DA:140,1
DA:141,1
DA:143,3
DA:144,3
DA:145,3
DA:146,3
DA:149,3
DA:152,1
DA:153,4
DA:154,4
DA:155,3
DA:156,3
DA:157,3
DA:158,1
DA:159,1
DA:162,1
DA:163,4
DA:164,2
DA:165,1
DA:166,1
DA:169,1
DA:170,2
DA:171,2
DA:172,1
DA:173,1
DA:174,1
DA:175,1
DA:176,1
DA:181,2
DA:184,1
DA:185,0
DA:186,0
DA:187,0
DA:188,0
DA:189,0
DA:195,1
LF:91
LH:65
BRDA:12,0,0,0
BRDA:12,0,1,1
BRDA:19,1,0,0
BRDA:19,1,1,0
BRDA:29,2,0,0
BRDA:29,2,1,0
BRDA:67,3,0,1
BRDA:67,3,1,2
BRDA:67,4,0,2
BRDA:67,4,1,0
BRDA:78,5,0,1
BRDA:78,5,1,4
BRDA:78,6,0,5
BRDA:78,6,1,5
BRDA:78,6,2,4
BRDA:78,6,3,4
BRDA:78,6,4,4
BRDA:81,7,0,1
BRDA:81,7,1,3
BRDA:84,8,0,1
BRDA:84,8,1,2
BRDA:89,9,0,1
BRDA:89,9,1,1
BRDA:94,10,0,1
BRDA:94,10,1,0
BRDA:99,11,0,0
BRDA:99,11,1,0
BRDA:104,12,0,0
BRDA:104,12,1,0
BRDA:137,13,0,7
BRDA:137,13,1,3
BRDA:139,14,0,1
BRDA:139,14,1,3
BRDA:154,15,0,1
BRDA:154,15,1,3
BRDA:157,16,0,2
BRDA:157,16,1,1
BRDA:164,17,0,1
BRDA:164,17,1,1
BRDA:171,18,0,1
BRDA:171,18,1,1
BRDA:174,19,0,1
BRDA:174,19,1,0
BRDA:184,20,0,0
BRDA:184,20,1,1
BRF:45
BRH:32
end_of_record
